<?xml version="1.0" encoding="UTF-8"?>
<testsuite name="ElonsToyCarTest" tests="10" skipped="0" failures="0" errors="0" timestamp="2024-10-09T23:13:42" hostname="DESKTOP-31RDSIU" time="0.093">
  <properties/>
  <testcase name="The static buy method returns a new remote controlled car instance" classname="ElonsToyCarTest" time="0.067"/>
  <testcase name="The distanceDisplay method shows 0 meters message on a new car" classname="ElonsToyCarTest" time="0.007"/>
  <testcase name="The distanceDisplay method shows the correct message after driving once" classname="ElonsToyCarTest" time="0.001"/>
  <testcase name="The batteryDisplay method shows the correct message after driving once" classname="ElonsToyCarTest" time="0.001"/>
  <testcase name="The distanceDisplay method shows the correct message after driving and draining all battery" classname="ElonsToyCarTest" time="0.003"/>
  <testcase name="The batteryDisplay method shows battery empty after draining all battery" classname="ElonsToyCarTest" time="0.001"/>
  <testcase name="The batteryDisplay method shows the correct battery percentage after driving multiple times" classname="ElonsToyCarTest" time="0.001"/>
  <testcase name="The static buy method returns each time a new remote controlled car instance" classname="ElonsToyCarTest" time="0.0"/>
  <testcase name="The distanceDisplay method shows the correct message after driving multiple times" classname="ElonsToyCarTest" time="0.001"/>
  <testcase name="The batteryDisplay method shows full battery message on a new car" classname="ElonsToyCarTest" time="0.001"/>
  <system-out><![CDATA[Battery empty
Battery empty
]]></system-out>
  <system-err><![CDATA[]]></system-err>
</testsuite>
